<?xml version="1.0" encoding="UTF-8"?>
<testsuite xmlns:xsi="http://www.w3.org/2001/XMLSchema-instance" xsi:noNamespaceSchemaLocation="https://maven.apache.org/surefire/maven-surefire-plugin/xsd/surefire-test-report.xsd" version="3.0.2" name="com.alura.SentimentAPI.SentimentApiApplicationTests" time="2.232" tests="1" errors="0" skipped="0" failures="0">
  <properties>
[...]
</properties>
  <testcase name="contextLoads" classname="com.alura.SentimentAPI.SentimentApiApplicationTests" time="0.511">
    <system-out><![CDATA[12:53:10.787 [main] INFO org.springframework.test.context.support.AnnotationConfigContextLoaderUtils -- Could not detect default configuration classes for test class [com.alura.SentimentAPI.SentimentApiApplicationTests]: SentimentApiApplicationTests does not declare any static, non-private, non-final, nested classes annotated with @Configuration.
12:53:10.879 [main] INFO org.springframework.boot.test.context.SpringBootTestContextBootstrapper -- Found @SpringBootConfiguration com.alura.SentimentAPI.SentimentApiApplication for test class com.alura.SentimentAPI.SentimentApiApplicationTests
12:53:11.005 [main] INFO org.springframework.boot.devtools.restart.RestartApplicationListener -- Restart disabled due to context in which it is running

  .   ____          _            __ _ _
 /\\ / ___'_ __ _ _(_)_ __  __ _ \ \ \ \
( ( )\___ | '_ | '_| | '_ \/ _` | \ \ \ \
 \\/  ___)| |_)| | | | | || (_| |  ) ) ) )
  '  |____| .__|_| |_|_| |_\__, | / / / /
 =========|_|==============|___/=/_/_/_/

 :: Spring Boot ::                (v4.0.0)

2025-12-26T12:53:11.236-06:00  INFO 23320 --- [SentimentAPI] [           main] c.a.S.SentimentApiApplicationTests       : Starting SentimentApiApplicationTests using Java 21.0.9 with PID 23320 (started by Vargas in C:\Users\Vargas\Downloads\HackathonG8Equipo25\Backend\SentimentAPI)
2025-12-26T12:53:11.237-06:00  INFO 23320 --- [SentimentAPI] [           main] c.a.S.SentimentApiApplicationTests       : No active profile set, falling back to 1 default profile: "default"
2025-12-26T12:53:12.307-06:00  INFO 23320 --- [SentimentAPI] [           main] c.a.S.SentimentApiApplicationTests       : Started SentimentApiApplicationTests in 1.313 seconds (process running for 2.292)
]]></system-out>
    <system-err><![CDATA[Mockito is currently self-attaching to enable the inline-mock-maker. This will no longer work in future releases of the JDK. Please add Mockito as an agent to your build as described in Mockito's documentation: https://javadoc.io/doc/org.mockito/mockito-core/latest/org.mockito/org/mockito/Mockito.html#0.3
WARNING: A Java agent has been loaded dynamically (C:\Users\Vargas\.m2\repository\net\bytebuddy\byte-buddy-agent\1.17.8\byte-buddy-agent-1.17.8.jar)
WARNING: If a serviceability tool is in use, please run with -XX:+EnableDynamicAgentLoading to hide this warning
WARNING: If a serviceability tool is not in use, please run with -Djdk.instrument.traceUsage for more information
WARNING: Dynamic loading of agents will be disallowed by default in a future release
]]></system-err>
  </testcase>
</testsuite>